<?xml version="1.0" encoding="UTF-8"?>
<testsuite xmlns:xsi="http://www.w3.org/2001/XMLSchema-instance" xsi:noNamespaceSchemaLocation="https://maven.apache.org/surefire/maven-surefire-plugin/xsd/surefire-test-report-3.0.xsd" version="3.0" name="passenger.PassengerTest" time="0.007" tests="2" errors="0" skipped="0" failures="0">
  <properties>
[...]
</properties>
  <testcase name="testPassengerCreation" classname="passenger.PassengerTest" time="0.0"/>
  <testcase name="testBoardTrain" classname="passenger.PassengerTest" time="0.002">
    <system-out><![CDATA[Alice set on Train to Paris starts in 08:15
]]></system-out>
  </testcase>
</testsuite>